<?xml version="1.0" encoding="UTF-8"?>
<!-- Generated by org.testng.reporters.JUnitReportReporter -->
<testsuite skipped="0" hostname="DESKTOP-BQS7GFT" name="Training.AutomationTrainingJava.Frameworkclass" tests="1" failures="0" timestamp="2022-07-26T07:10:33 IST" time="0.018" errors="0">
  <testcase name="functionality1" time="0.018" classname="Training.AutomationTrainingJava.Frameworkclass"/>
  <system-out/>
</testsuite> <!-- Training.AutomationTrainingJava.Frameworkclass -->
