<?xml version="1.0" encoding="UTF-8"?>
<!-- Generated by org.testng.reporters.JUnitReportReporter -->
<testsuite skipped="0" hostname="DESKTOP-BQS7GFT" name="Training.AutomationTrainingJava.Frameworkclas2" tests="1" failures="0" timestamp="2022-07-26T07:23:50 IST" time="0.009" errors="0">
  <testcase name="functionality" time="0.009" classname="Training.AutomationTrainingJava.Frameworkclas2"/>
  <system-out/>
</testsuite> <!-- Training.AutomationTrainingJava.Frameworkclas2 -->
