<?xml version="1.0" encoding="UTF-8"?>
<!-- Generated by org.testng.reporters.JUnitReportReporter -->
<testsuite skipped="0" hostname="DESKTOP-BQS7GFT" name="Training.AutomationTrainingJava.frame1" tests="1" failures="0" timestamp="2022-07-26T07:08:40 IST" time="0.001" errors="0">
  <testcase name="functionality" time="0.001" classname="Training.AutomationTrainingJava.frame1"/>
  <system-out/>
</testsuite> <!-- Training.AutomationTrainingJava.frame1 -->
