<?xml version="1.0" encoding="UTF-8"?>
<!-- Generated by org.testng.reporters.JUnitReportReporter -->
<testsuite skipped="0" hostname="DESKTOP-BQS7GFT" name="Training.AutomationTrainingJava.HomepageTest" tests="1" failures="0" timestamp="2022-07-29T07:24:00 IST" time="71.793" errors="0">
  <testcase name="Hmpage" time="71.793" classname="Training.AutomationTrainingJava.HomepageTest"/>
  <system-out/>
</testsuite> <!-- Training.AutomationTrainingJava.HomepageTest -->
